<?xml version="1.0" encoding="UTF-8"?>
<testng-results ignored="0" total="1" passed="1" failed="0" skipped="0">
  <reporter-output>
  </reporter-output>
  <suite started-at="2021-01-14T18:31:20 MST" name="AskuityAutomationTestingChallenge" finished-at="2021-01-14T18:32:53 MST" duration-ms="93030">
    <groups>
    </groups>
    <test started-at="2021-01-14T18:31:20 MST" name="Tests" finished-at="2021-01-14T18:32:53 MST" duration-ms="93030">
      <class name="com.automationpractice.test.RegressionTest">
        <test-method is-config="true" signature="initBrowser(java.lang.String)[pri:0, instance:com.automationpractice.test.RegressionTest@5d221b20]" started-at="2021-01-14T18:31:20 MST" name="initBrowser" finished-at="2021-01-14T18:31:27 MST" duration-ms="6847" status="PASS">
          <params>
            <param index="0">
              <value>
                <![CDATA[chrome]]>
              </value>
            </param>
          </params>
          <reporter-output>
          </reporter-output>
        </test-method> <!-- initBrowser -->
        <test-method signature="ShoppingPageCheckoutFunctionalityTest()[pri:0, instance:com.automationpractice.test.RegressionTest@5d221b20]" started-at="2021-01-14T18:31:27 MST" name="ShoppingPageCheckoutFunctionalityTest" finished-at="2021-01-14T18:32:52 MST" duration-ms="84980" status="PASS">
          <reporter-output>
          </reporter-output>
        </test-method> <!-- ShoppingPageCheckoutFunctionalityTest -->
        <test-method is-config="true" signature="tearDown()[pri:0, instance:com.automationpractice.test.RegressionTest@5d221b20]" started-at="2021-01-14T18:32:52 MST" name="tearDown" finished-at="2021-01-14T18:32:53 MST" duration-ms="1095" status="PASS">
          <reporter-output>
          </reporter-output>
        </test-method> <!-- tearDown -->
      </class> <!-- com.automationpractice.test.RegressionTest -->
    </test> <!-- Tests -->
  </suite> <!-- AskuityAutomationTestingChallenge -->
</testng-results>
