<?xml version="1.0" encoding="UTF-8"?>
<testng-results ignored="0" total="1" passed="1" failed="0" skipped="0">
  <reporter-output>
  </reporter-output>
  <suite started-at="2021-01-20T14:20:32 MST" name="HomeDepotChallenge" finished-at="2021-01-20T14:22:26 MST" duration-ms="113705">
    <groups>
    </groups>
    <test started-at="2021-01-20T14:20:32 MST" name="CodingChallengeTest" finished-at="2021-01-20T14:22:26 MST" duration-ms="113705">
      <class name="com.automation.test.RegressionTest">
        <test-method is-config="true" signature="initBrowser(java.lang.String)[pri:0, instance:com.automation.test.RegressionTest@124c278f]" started-at="2021-01-20T14:20:32 MST" name="initBrowser" finished-at="2021-01-20T14:20:38 MST" duration-ms="5853" status="PASS">
          <params>
            <param index="0">
              <value>
                <![CDATA[chrome]]>
              </value>
            </param>
          </params>
          <reporter-output>
          </reporter-output>
        </test-method> <!-- initBrowser -->
        <test-method signature="ShoppingCartTest()[pri:0, instance:com.automation.test.RegressionTest@124c278f]" started-at="2021-01-20T14:20:38 MST" name="ShoppingCartTest" finished-at="2021-01-20T14:22:25 MST" duration-ms="107088" status="PASS">
          <reporter-output>
          </reporter-output>
        </test-method> <!-- ShoppingCartTest -->
        <test-method is-config="true" signature="tearDown()[pri:0, instance:com.automation.test.RegressionTest@124c278f]" started-at="2021-01-20T14:22:25 MST" name="tearDown" finished-at="2021-01-20T14:22:26 MST" duration-ms="723" status="PASS">
          <reporter-output>
          </reporter-output>
        </test-method> <!-- tearDown -->
      </class> <!-- com.automation.test.RegressionTest -->
    </test> <!-- CodingChallengeTest -->
  </suite> <!-- HomeDepotChallenge -->
</testng-results>
